app/build/intermediates/manifest_merge_blame_file/debug/manifest-merger-blame-debug-report.txt
1<?xml version="1.0" encoding="utf-8"?>
2<manifest xmlns:android="http://schemas.android.com/apk/res/android"
3    package="com.example.automation"
4    android:versionCode="29"
5    android:versionName="2.9.0" >
6
7    <uses-sdk
8        android:minSdkVersion="21"
8-->src/main/AndroidManifest.xml
9        android:targetSdkVersion="29" />
9-->src/main/AndroidManifest.xml
10
11    <application
11-->src/main/AndroidManifest.xml:3:5-16:19
12        android:allowBackup="true"
12-->src/main/AndroidManifest.xml:4:9-35
13        android:appComponentFactory="androidx.core.app.CoreComponentFactory"
13-->[androidx.core:core:1.1.0] AndroidManifest.xml:24:18-86
14        android:debuggable="true"
15        android:icon="@mipmap/ic_launcher"
15-->src/main/AndroidManifest.xml:5:9-43
16        android:label="AI Automation"
16-->src/main/AndroidManifest.xml:6:9-38
17        android:roundIcon="@mipmap/ic_launcher_round"
17-->src/main/AndroidManifest.xml:7:9-54
18        android:supportsRtl="true"
18-->src/main/AndroidManifest.xml:8:9-35
19        android:theme="@style/AppTheme" >
19-->src/main/AndroidManifest.xml:9:9-40
20        <activity android:name="com.example.automation.MainActivity" >
20-->src/main/AndroidManifest.xml:10:9-15:20
20-->src/main/AndroidManifest.xml:10:19-47
21            <intent-filter>
21-->src/main/AndroidManifest.xml:11:13-14:29
22                <action android:name="android.intent.action.MAIN" />
22-->src/main/AndroidManifest.xml:12:17-69
22-->src/main/AndroidManifest.xml:12:25-66
23
24                <category android:name="android.intent.category.LAUNCHER" />
24-->src/main/AndroidManifest.xml:13:17-77
24-->src/main/AndroidManifest.xml:13:27-74
25            </intent-filter>
26        </activity>
27    </application>
28
29</manifest>